[35m[1mScanning dependencies of target _pepper_nodes_generate_messages_check_deps_ExecuteJS[0m
[35m[1mScanning dependencies of target _pepper_nodes_generate_messages_check_deps_WakeUp[0m
[35m[1mScanning dependencies of target _pepper_nodes_generate_messages_check_deps_LoadUrl[0m
[35m[1mScanning dependencies of target std_msgs_generate_messages_nodejs[0m
[35m[1mScanning dependencies of target _pepper_nodes_generate_messages_check_deps_Text2Speech[0m
[35m[1mScanning dependencies of target _pepper_nodes_generate_messages_check_deps_Rest[0m
[35m[1mScanning dependencies of target std_msgs_generate_messages_py[0m
[35m[1mScanning dependencies of target std_msgs_generate_messages_cpp[0m
[35m[1mScanning dependencies of target std_msgs_generate_messages_lisp[0m
[35m[1mScanning dependencies of target std_msgs_generate_messages_eus[0m
[  0%] Built target std_msgs_generate_messages_cpp
[  0%] Built target std_msgs_generate_messages_nodejs
[  0%] Built target std_msgs_generate_messages_py
[  0%] Built target std_msgs_generate_messages_lisp
[  0%] Built target std_msgs_generate_messages_eus
[  0%] Built target _pepper_nodes_generate_messages_check_deps_LoadUrl
[  0%] Built target _pepper_nodes_generate_messages_check_deps_Text2Speech
[  0%] Built target _pepper_nodes_generate_messages_check_deps_WakeUp
[  0%] Built target _pepper_nodes_generate_messages_check_deps_ExecuteJS
[  0%] Built target _pepper_nodes_generate_messages_check_deps_Rest
[35m[1mScanning dependencies of target pepper_nodes_generate_messages_nodejs[0m
[35m[1mScanning dependencies of target pepper_nodes_generate_messages_lisp[0m
[35m[1mScanning dependencies of target pepper_nodes_generate_messages_py[0m
[35m[1mScanning dependencies of target pepper_nodes_generate_messages_cpp[0m
[35m[1mScanning dependencies of target pepper_nodes_generate_messages_eus[0m
[ 11%] [34m[1mGenerating Javascript code from pepper_nodes/Rest.srv[0m
[ 11%] [34m[1mGenerating Javascript code from pepper_nodes/ExecuteJS.srv[0m
[ 11%] [34m[1mGenerating Lisp code from pepper_nodes/ExecuteJS.srv[0m
[ 18%] [34m[1mGenerating Lisp code from pepper_nodes/LoadUrl.srv[0m
[ 18%] [34m[1mGenerating Python code from SRV pepper_nodes/ExecuteJS[0m
[ 25%] [34m[1mGenerating Javascript code from pepper_nodes/LoadUrl.srv[0m
[ 25%] [34m[1mGenerating Javascript code from pepper_nodes/Text2Speech.srv[0m
[ 29%] [34m[1mGenerating Lisp code from pepper_nodes/Rest.srv[0m
[ 33%] [34m[1mGenerating Javascript code from pepper_nodes/WakeUp.srv[0m
[ 40%] [34m[1mGenerating EusLisp code from pepper_nodes/ExecuteJS.srv[0m
[ 40%] [34m[1mGenerating C++ code from pepper_nodes/ExecuteJS.srv[0m
[ 44%] [34m[1mGenerating Lisp code from pepper_nodes/Text2Speech.srv[0m
[ 48%] [34m[1mGenerating Lisp code from pepper_nodes/WakeUp.srv[0m
[ 51%] [34m[1mGenerating C++ code from pepper_nodes/LoadUrl.srv[0m
[ 55%] [34m[1mGenerating Python code from SRV pepper_nodes/LoadUrl[0m
[ 59%] [34m[1mGenerating EusLisp code from pepper_nodes/LoadUrl.srv[0m
[ 62%] Built target pepper_nodes_generate_messages_nodejs
[ 62%] [34m[1mGenerating C++ code from pepper_nodes/Rest.srv[0m
[ 66%] [34m[1mGenerating Python code from SRV pepper_nodes/Rest[0m
[ 70%] [34m[1mGenerating C++ code from pepper_nodes/Text2Speech.srv[0m
[ 74%] [34m[1mGenerating Python code from SRV pepper_nodes/Text2Speech[0m
[ 77%] [34m[1mGenerating C++ code from pepper_nodes/WakeUp.srv[0m
[ 81%] [34m[1mGenerating Python code from SRV pepper_nodes/WakeUp[0m
[ 81%] Built target pepper_nodes_generate_messages_lisp
[ 85%] [34m[1mGenerating EusLisp code from pepper_nodes/Rest.srv[0m
[ 88%] [34m[1mGenerating EusLisp code from pepper_nodes/Text2Speech.srv[0m
[ 92%] [34m[1mGenerating EusLisp code from pepper_nodes/WakeUp.srv[0m
[ 96%] [34m[1mGenerating EusLisp manifest code for pepper_nodes[0m
[100%] [34m[1mGenerating Python srv __init__.py for pepper_nodes[0m
[100%] Built target pepper_nodes_generate_messages_cpp
[100%] Built target pepper_nodes_generate_messages_py
[100%] Built target pepper_nodes_generate_messages_eus
[35m[1mScanning dependencies of target pepper_nodes_generate_messages[0m
[100%] Built target pepper_nodes_generate_messages
