[35m[1mScanning dependencies of target std_msgs_generate_messages_nodejs[0m
[35m[1mScanning dependencies of target _pepper_nodes_generate_messages_check_deps_ExecuteJS[0m
[35m[1mScanning dependencies of target std_msgs_generate_messages_lisp[0m
[35m[1mScanning dependencies of target std_msgs_generate_messages_py[0m
[35m[1mScanning dependencies of target std_msgs_generate_messages_cpp[0m
[35m[1mScanning dependencies of target _pepper_nodes_generate_messages_check_deps_LoadUrl[0m
[35m[1mScanning dependencies of target std_msgs_generate_messages_eus[0m
[35m[1mScanning dependencies of target _pepper_nodes_generate_messages_check_deps_Text2Speech[0m
[  0%] Built target std_msgs_generate_messages_nodejs
[  0%] Built target std_msgs_generate_messages_lisp
[  0%] Built target std_msgs_generate_messages_py
[  0%] Built target std_msgs_generate_messages_cpp
[  0%] Built target std_msgs_generate_messages_eus
[  0%] Built target _pepper_nodes_generate_messages_check_deps_LoadUrl
[  0%] Built target _pepper_nodes_generate_messages_check_deps_ExecuteJS
[  0%] Built target _pepper_nodes_generate_messages_check_deps_Text2Speech
[35m[1mScanning dependencies of target pepper_nodes_generate_messages_lisp[0m
[35m[1mScanning dependencies of target pepper_nodes_generate_messages_nodejs[0m
[35m[1mScanning dependencies of target pepper_nodes_generate_messages_cpp[0m
[35m[1mScanning dependencies of target pepper_nodes_generate_messages_eus[0m
[35m[1mScanning dependencies of target pepper_nodes_generate_messages_py[0m
[  5%] [34m[1mGenerating Lisp code from pepper_nodes/ExecuteJS.srv[0m
[ 11%] [34m[1mGenerating Javascript code from pepper_nodes/Text2Speech.srv[0m
[ 17%] [34m[1mGenerating Javascript code from pepper_nodes/LoadUrl.srv[0m
[ 23%] [34m[1mGenerating EusLisp code from pepper_nodes/LoadUrl.srv[0m
[ 29%] [34m[1mGenerating Lisp code from pepper_nodes/LoadUrl.srv[0m
[ 52%] [34m[1mGenerating C++ code from pepper_nodes/ExecuteJS.srv[0m
[ 58%] [34m[1mGenerating EusLisp code from pepper_nodes/ExecuteJS.srv[0m
[ 35%] [34m[1mGenerating Javascript code from pepper_nodes/ExecuteJS.srv[0m
[ 41%] [34m[1mGenerating Python code from SRV pepper_nodes/ExecuteJS[0m
[ 47%] [34m[1mGenerating Lisp code from pepper_nodes/Text2Speech.srv[0m
[ 64%] [34m[1mGenerating Python code from SRV pepper_nodes/Text2Speech[0m
[ 70%] [34m[1mGenerating Python code from SRV pepper_nodes/LoadUrl[0m
[ 76%] [34m[1mGenerating C++ code from pepper_nodes/LoadUrl.srv[0m
[ 82%] [34m[1mGenerating EusLisp manifest code for pepper_nodes[0m
[ 88%] [34m[1mGenerating EusLisp code from pepper_nodes/Text2Speech.srv[0m
[ 94%] [34m[1mGenerating C++ code from pepper_nodes/Text2Speech.srv[0m
[ 94%] Built target pepper_nodes_generate_messages_lisp
[ 94%] Built target pepper_nodes_generate_messages_nodejs
[100%] [34m[1mGenerating Python srv __init__.py for pepper_nodes[0m
[100%] Built target pepper_nodes_generate_messages_cpp
[100%] Built target pepper_nodes_generate_messages_eus
[100%] Built target pepper_nodes_generate_messages_py
[35m[1mScanning dependencies of target pepper_nodes_generate_messages[0m
[100%] Built target pepper_nodes_generate_messages
