Linked: (/home/francesca/Scrivania/cogrob/cogrob_ws/devel/.private/rospy_tutorials/share/roseus/ros/rospy_tutorials/manifest.l, /home/francesca/Scrivania/cogrob/cogrob_ws/devel/share/roseus/ros/rospy_tutorials/manifest.l)
Linked: (/home/francesca/Scrivania/cogrob/cogrob_ws/devel/.private/rospy_tutorials/share/roseus/ros/rospy_tutorials/msg/Floats.l, /home/francesca/Scrivania/cogrob/cogrob_ws/devel/share/roseus/ros/rospy_tutorials/msg/Floats.l)
Linked: (/home/francesca/Scrivania/cogrob/cogrob_ws/devel/.private/rospy_tutorials/share/roseus/ros/rospy_tutorials/msg/HeaderString.l, /home/francesca/Scrivania/cogrob/cogrob_ws/devel/share/roseus/ros/rospy_tutorials/msg/HeaderString.l)
Linked: (/home/francesca/Scrivania/cogrob/cogrob_ws/devel/.private/rospy_tutorials/share/roseus/ros/rospy_tutorials/srv/BadTwoInts.l, /home/francesca/Scrivania/cogrob/cogrob_ws/devel/share/roseus/ros/rospy_tutorials/srv/BadTwoInts.l)
Linked: (/home/francesca/Scrivania/cogrob/cogrob_ws/devel/.private/rospy_tutorials/share/roseus/ros/rospy_tutorials/srv/AddTwoInts.l, /home/francesca/Scrivania/cogrob/cogrob_ws/devel/share/roseus/ros/rospy_tutorials/srv/AddTwoInts.l)
Linked: (/home/francesca/Scrivania/cogrob/cogrob_ws/devel/.private/rospy_tutorials/share/gennodejs/ros/rospy_tutorials/_index.js, /home/francesca/Scrivania/cogrob/cogrob_ws/devel/share/gennodejs/ros/rospy_tutorials/_index.js)
Linked: (/home/francesca/Scrivania/cogrob/cogrob_ws/devel/.private/rospy_tutorials/share/gennodejs/ros/rospy_tutorials/msg/_index.js, /home/francesca/Scrivania/cogrob/cogrob_ws/devel/share/gennodejs/ros/rospy_tutorials/msg/_index.js)
Linked: (/home/francesca/Scrivania/cogrob/cogrob_ws/devel/.private/rospy_tutorials/share/gennodejs/ros/rospy_tutorials/msg/HeaderString.js, /home/francesca/Scrivania/cogrob/cogrob_ws/devel/share/gennodejs/ros/rospy_tutorials/msg/HeaderString.js)
Linked: (/home/francesca/Scrivania/cogrob/cogrob_ws/devel/.private/rospy_tutorials/share/gennodejs/ros/rospy_tutorials/msg/Floats.js, /home/francesca/Scrivania/cogrob/cogrob_ws/devel/share/gennodejs/ros/rospy_tutorials/msg/Floats.js)
Linked: (/home/francesca/Scrivania/cogrob/cogrob_ws/devel/.private/rospy_tutorials/share/gennodejs/ros/rospy_tutorials/srv/BadTwoInts.js, /home/francesca/Scrivania/cogrob/cogrob_ws/devel/share/gennodejs/ros/rospy_tutorials/srv/BadTwoInts.js)
Linked: (/home/francesca/Scrivania/cogrob/cogrob_ws/devel/.private/rospy_tutorials/share/gennodejs/ros/rospy_tutorials/srv/_index.js, /home/francesca/Scrivania/cogrob/cogrob_ws/devel/share/gennodejs/ros/rospy_tutorials/srv/_index.js)
Linked: (/home/francesca/Scrivania/cogrob/cogrob_ws/devel/.private/rospy_tutorials/share/gennodejs/ros/rospy_tutorials/srv/AddTwoInts.js, /home/francesca/Scrivania/cogrob/cogrob_ws/devel/share/gennodejs/ros/rospy_tutorials/srv/AddTwoInts.js)
Linked: (/home/francesca/Scrivania/cogrob/cogrob_ws/devel/.private/rospy_tutorials/share/rospy_tutorials/001_talker_listener/talker.py, /home/francesca/Scrivania/cogrob/cogrob_ws/devel/share/rospy_tutorials/001_talker_listener/talker.py)
Linked: (/home/francesca/Scrivania/cogrob/cogrob_ws/devel/.private/rospy_tutorials/share/rospy_tutorials/001_talker_listener/listener.py, /home/francesca/Scrivania/cogrob/cogrob_ws/devel/share/rospy_tutorials/001_talker_listener/listener.py)
Linked: (/home/francesca/Scrivania/cogrob/cogrob_ws/devel/.private/rospy_tutorials/share/rospy_tutorials/001_talker_listener/listener, /home/francesca/Scrivania/cogrob/cogrob_ws/devel/share/rospy_tutorials/001_talker_listener/listener)
Linked: (/home/francesca/Scrivania/cogrob/cogrob_ws/devel/.private/rospy_tutorials/share/rospy_tutorials/001_talker_listener/cmake.lock, /home/francesca/Scrivania/cogrob/cogrob_ws/devel/share/rospy_tutorials/001_talker_listener/cmake.lock)
Linked: (/home/francesca/Scrivania/cogrob/cogrob_ws/devel/.private/rospy_tutorials/share/rospy_tutorials/001_talker_listener/talker, /home/francesca/Scrivania/cogrob/cogrob_ws/devel/share/rospy_tutorials/001_talker_listener/talker)
Linked: (/home/francesca/Scrivania/cogrob/cogrob_ws/devel/.private/rospy_tutorials/share/rospy_tutorials/003_listener_with_user_data/listener_with_user_data.py, /home/francesca/Scrivania/cogrob/cogrob_ws/devel/share/rospy_tutorials/003_listener_with_user_data/listener_with_user_data.py)
Linked: (/home/francesca/Scrivania/cogrob/cogrob_ws/devel/.private/rospy_tutorials/share/rospy_tutorials/003_listener_with_user_data/cmake.lock, /home/francesca/Scrivania/cogrob/cogrob_ws/devel/share/rospy_tutorials/003_listener_with_user_data/cmake.lock)
Linked: (/home/francesca/Scrivania/cogrob/cogrob_ws/devel/.private/rospy_tutorials/share/rospy_tutorials/010_publish_pointcloud2/publish_pointcloud2.py, /home/francesca/Scrivania/cogrob/cogrob_ws/devel/share/rospy_tutorials/010_publish_pointcloud2/publish_pointcloud2.py)
Linked: (/home/francesca/Scrivania/cogrob/cogrob_ws/devel/.private/rospy_tutorials/share/rospy_tutorials/010_publish_pointcloud2/cmake.lock, /home/francesca/Scrivania/cogrob/cogrob_ws/devel/share/rospy_tutorials/010_publish_pointcloud2/cmake.lock)
Linked: (/home/francesca/Scrivania/cogrob/cogrob_ws/devel/.private/rospy_tutorials/share/rospy_tutorials/009_advanced_publish/advanced_publish.py, /home/francesca/Scrivania/cogrob/cogrob_ws/devel/share/rospy_tutorials/009_advanced_publish/advanced_publish.py)
Linked: (/home/francesca/Scrivania/cogrob/cogrob_ws/devel/.private/rospy_tutorials/share/rospy_tutorials/009_advanced_publish/cmake.lock, /home/francesca/Scrivania/cogrob/cogrob_ws/devel/share/rospy_tutorials/009_advanced_publish/cmake.lock)
Linked: (/home/francesca/Scrivania/cogrob/cogrob_ws/devel/.private/rospy_tutorials/share/rospy_tutorials/008_on_shutdown/publish_on_shutdown.py, /home/francesca/Scrivania/cogrob/cogrob_ws/devel/share/rospy_tutorials/008_on_shutdown/publish_on_shutdown.py)
Linked: (/home/francesca/Scrivania/cogrob/cogrob_ws/devel/.private/rospy_tutorials/share/rospy_tutorials/008_on_shutdown/cmake.lock, /home/francesca/Scrivania/cogrob/cogrob_ws/devel/share/rospy_tutorials/008_on_shutdown/cmake.lock)
Linked: (/home/francesca/Scrivania/cogrob/cogrob_ws/devel/.private/rospy_tutorials/share/rospy_tutorials/002_headers/talker_header.py, /home/francesca/Scrivania/cogrob/cogrob_ws/devel/share/rospy_tutorials/002_headers/talker_header.py)
Linked: (/home/francesca/Scrivania/cogrob/cogrob_ws/devel/.private/rospy_tutorials/share/rospy_tutorials/002_headers/listener_header.py, /home/francesca/Scrivania/cogrob/cogrob_ws/devel/share/rospy_tutorials/002_headers/listener_header.py)
Linked: (/home/francesca/Scrivania/cogrob/cogrob_ws/devel/.private/rospy_tutorials/share/rospy_tutorials/002_headers/cmake.lock, /home/francesca/Scrivania/cogrob/cogrob_ws/devel/share/rospy_tutorials/002_headers/cmake.lock)
Linked: (/home/francesca/Scrivania/cogrob/cogrob_ws/devel/.private/rospy_tutorials/share/rospy_tutorials/004_listener_subscribe_notify/listener_subscribe_notify.py, /home/francesca/Scrivania/cogrob/cogrob_ws/devel/share/rospy_tutorials/004_listener_subscribe_notify/listener_subscribe_notify.py)
Linked: (/home/francesca/Scrivania/cogrob/cogrob_ws/devel/.private/rospy_tutorials/share/rospy_tutorials/004_listener_subscribe_notify/cmake.lock, /home/francesca/Scrivania/cogrob/cogrob_ws/devel/share/rospy_tutorials/004_listener_subscribe_notify/cmake.lock)
Linked: (/home/francesca/Scrivania/cogrob/cogrob_ws/devel/.private/rospy_tutorials/share/rospy_tutorials/005_add_two_ints/add_two_ints_client, /home/francesca/Scrivania/cogrob/cogrob_ws/devel/share/rospy_tutorials/005_add_two_ints/add_two_ints_client)
Linked: (/home/francesca/Scrivania/cogrob/cogrob_ws/devel/.private/rospy_tutorials/share/rospy_tutorials/005_add_two_ints/add_two_ints_server, /home/francesca/Scrivania/cogrob/cogrob_ws/devel/share/rospy_tutorials/005_add_two_ints/add_two_ints_server)
Linked: (/home/francesca/Scrivania/cogrob/cogrob_ws/devel/.private/rospy_tutorials/share/rospy_tutorials/005_add_two_ints/cmake.lock, /home/francesca/Scrivania/cogrob/cogrob_ws/devel/share/rospy_tutorials/005_add_two_ints/cmake.lock)
Linked: (/home/francesca/Scrivania/cogrob/cogrob_ws/devel/.private/rospy_tutorials/share/rospy_tutorials/cmake/rospy_tutorialsConfig.cmake, /home/francesca/Scrivania/cogrob/cogrob_ws/devel/share/rospy_tutorials/cmake/rospy_tutorialsConfig.cmake)
Linked: (/home/francesca/Scrivania/cogrob/cogrob_ws/devel/.private/rospy_tutorials/share/rospy_tutorials/cmake/rospy_tutorials-msg-extras.cmake, /home/francesca/Scrivania/cogrob/cogrob_ws/devel/share/rospy_tutorials/cmake/rospy_tutorials-msg-extras.cmake)
Linked: (/home/francesca/Scrivania/cogrob/cogrob_ws/devel/.private/rospy_tutorials/share/rospy_tutorials/cmake/rospy_tutorialsConfig-version.cmake, /home/francesca/Scrivania/cogrob/cogrob_ws/devel/share/rospy_tutorials/cmake/rospy_tutorialsConfig-version.cmake)
Linked: (/home/francesca/Scrivania/cogrob/cogrob_ws/devel/.private/rospy_tutorials/share/rospy_tutorials/cmake/rospy_tutorials-msg-paths.cmake, /home/francesca/Scrivania/cogrob/cogrob_ws/devel/share/rospy_tutorials/cmake/rospy_tutorials-msg-paths.cmake)
Linked: (/home/francesca/Scrivania/cogrob/cogrob_ws/devel/.private/rospy_tutorials/share/rospy_tutorials/007_connection_header/talker_connection_header.py, /home/francesca/Scrivania/cogrob/cogrob_ws/devel/share/rospy_tutorials/007_connection_header/talker_connection_header.py)
Linked: (/home/francesca/Scrivania/cogrob/cogrob_ws/devel/.private/rospy_tutorials/share/rospy_tutorials/007_connection_header/server_connection_header.py, /home/francesca/Scrivania/cogrob/cogrob_ws/devel/share/rospy_tutorials/007_connection_header/server_connection_header.py)
Linked: (/home/francesca/Scrivania/cogrob/cogrob_ws/devel/.private/rospy_tutorials/share/rospy_tutorials/007_connection_header/listener_connection_header.py, /home/francesca/Scrivania/cogrob/cogrob_ws/devel/share/rospy_tutorials/007_connection_header/listener_connection_header.py)
Linked: (/home/francesca/Scrivania/cogrob/cogrob_ws/devel/.private/rospy_tutorials/share/rospy_tutorials/007_connection_header/client_connection_header.py, /home/francesca/Scrivania/cogrob/cogrob_ws/devel/share/rospy_tutorials/007_connection_header/client_connection_header.py)
Linked: (/home/francesca/Scrivania/cogrob/cogrob_ws/devel/.private/rospy_tutorials/share/rospy_tutorials/007_connection_header/cmake.lock, /home/francesca/Scrivania/cogrob/cogrob_ws/devel/share/rospy_tutorials/007_connection_header/cmake.lock)
Linked: (/home/francesca/Scrivania/cogrob/cogrob_ws/devel/.private/rospy_tutorials/share/rospy_tutorials/006_parameters/param_talker.py, /home/francesca/Scrivania/cogrob/cogrob_ws/devel/share/rospy_tutorials/006_parameters/param_talker.py)
Linked: (/home/francesca/Scrivania/cogrob/cogrob_ws/devel/.private/rospy_tutorials/share/rospy_tutorials/006_parameters/cmake.lock, /home/francesca/Scrivania/cogrob/cogrob_ws/devel/share/rospy_tutorials/006_parameters/cmake.lock)
Linked: (/home/francesca/Scrivania/cogrob/cogrob_ws/devel/.private/rospy_tutorials/share/common-lisp/ros/rospy_tutorials/msg/HeaderString.lisp, /home/francesca/Scrivania/cogrob/cogrob_ws/devel/share/common-lisp/ros/rospy_tutorials/msg/HeaderString.lisp)
Linked: (/home/francesca/Scrivania/cogrob/cogrob_ws/devel/.private/rospy_tutorials/share/common-lisp/ros/rospy_tutorials/msg/Floats.lisp, /home/francesca/Scrivania/cogrob/cogrob_ws/devel/share/common-lisp/ros/rospy_tutorials/msg/Floats.lisp)
Linked: (/home/francesca/Scrivania/cogrob/cogrob_ws/devel/.private/rospy_tutorials/share/common-lisp/ros/rospy_tutorials/msg/rospy_tutorials-msg.asd, /home/francesca/Scrivania/cogrob/cogrob_ws/devel/share/common-lisp/ros/rospy_tutorials/msg/rospy_tutorials-msg.asd)
Linked: (/home/francesca/Scrivania/cogrob/cogrob_ws/devel/.private/rospy_tutorials/share/common-lisp/ros/rospy_tutorials/msg/_package_Floats.lisp, /home/francesca/Scrivania/cogrob/cogrob_ws/devel/share/common-lisp/ros/rospy_tutorials/msg/_package_Floats.lisp)
Linked: (/home/francesca/Scrivania/cogrob/cogrob_ws/devel/.private/rospy_tutorials/share/common-lisp/ros/rospy_tutorials/msg/_package_HeaderString.lisp, /home/francesca/Scrivania/cogrob/cogrob_ws/devel/share/common-lisp/ros/rospy_tutorials/msg/_package_HeaderString.lisp)
Linked: (/home/francesca/Scrivania/cogrob/cogrob_ws/devel/.private/rospy_tutorials/share/common-lisp/ros/rospy_tutorials/msg/_package.lisp, /home/francesca/Scrivania/cogrob/cogrob_ws/devel/share/common-lisp/ros/rospy_tutorials/msg/_package.lisp)
Linked: (/home/francesca/Scrivania/cogrob/cogrob_ws/devel/.private/rospy_tutorials/share/common-lisp/ros/rospy_tutorials/srv/_package_AddTwoInts.lisp, /home/francesca/Scrivania/cogrob/cogrob_ws/devel/share/common-lisp/ros/rospy_tutorials/srv/_package_AddTwoInts.lisp)
Linked: (/home/francesca/Scrivania/cogrob/cogrob_ws/devel/.private/rospy_tutorials/share/common-lisp/ros/rospy_tutorials/srv/rospy_tutorials-srv.asd, /home/francesca/Scrivania/cogrob/cogrob_ws/devel/share/common-lisp/ros/rospy_tutorials/srv/rospy_tutorials-srv.asd)
Linked: (/home/francesca/Scrivania/cogrob/cogrob_ws/devel/.private/rospy_tutorials/share/common-lisp/ros/rospy_tutorials/srv/_package_BadTwoInts.lisp, /home/francesca/Scrivania/cogrob/cogrob_ws/devel/share/common-lisp/ros/rospy_tutorials/srv/_package_BadTwoInts.lisp)
Linked: (/home/francesca/Scrivania/cogrob/cogrob_ws/devel/.private/rospy_tutorials/share/common-lisp/ros/rospy_tutorials/srv/BadTwoInts.lisp, /home/francesca/Scrivania/cogrob/cogrob_ws/devel/share/common-lisp/ros/rospy_tutorials/srv/BadTwoInts.lisp)
Linked: (/home/francesca/Scrivania/cogrob/cogrob_ws/devel/.private/rospy_tutorials/share/common-lisp/ros/rospy_tutorials/srv/AddTwoInts.lisp, /home/francesca/Scrivania/cogrob/cogrob_ws/devel/share/common-lisp/ros/rospy_tutorials/srv/AddTwoInts.lisp)
Linked: (/home/francesca/Scrivania/cogrob/cogrob_ws/devel/.private/rospy_tutorials/share/common-lisp/ros/rospy_tutorials/srv/_package.lisp, /home/francesca/Scrivania/cogrob/cogrob_ws/devel/share/common-lisp/ros/rospy_tutorials/srv/_package.lisp)
Linked: (/home/francesca/Scrivania/cogrob/cogrob_ws/devel/.private/rospy_tutorials/include/rospy_tutorials/Floats.h, /home/francesca/Scrivania/cogrob/cogrob_ws/devel/include/rospy_tutorials/Floats.h)
Linked: (/home/francesca/Scrivania/cogrob/cogrob_ws/devel/.private/rospy_tutorials/include/rospy_tutorials/BadTwoIntsRequest.h, /home/francesca/Scrivania/cogrob/cogrob_ws/devel/include/rospy_tutorials/BadTwoIntsRequest.h)
Linked: (/home/francesca/Scrivania/cogrob/cogrob_ws/devel/.private/rospy_tutorials/include/rospy_tutorials/BadTwoIntsResponse.h, /home/francesca/Scrivania/cogrob/cogrob_ws/devel/include/rospy_tutorials/BadTwoIntsResponse.h)
Linked: (/home/francesca/Scrivania/cogrob/cogrob_ws/devel/.private/rospy_tutorials/include/rospy_tutorials/AddTwoIntsRequest.h, /home/francesca/Scrivania/cogrob/cogrob_ws/devel/include/rospy_tutorials/AddTwoIntsRequest.h)
Linked: (/home/francesca/Scrivania/cogrob/cogrob_ws/devel/.private/rospy_tutorials/include/rospy_tutorials/HeaderString.h, /home/francesca/Scrivania/cogrob/cogrob_ws/devel/include/rospy_tutorials/HeaderString.h)
Linked: (/home/francesca/Scrivania/cogrob/cogrob_ws/devel/.private/rospy_tutorials/include/rospy_tutorials/AddTwoIntsResponse.h, /home/francesca/Scrivania/cogrob/cogrob_ws/devel/include/rospy_tutorials/AddTwoIntsResponse.h)
Linked: (/home/francesca/Scrivania/cogrob/cogrob_ws/devel/.private/rospy_tutorials/include/rospy_tutorials/AddTwoInts.h, /home/francesca/Scrivania/cogrob/cogrob_ws/devel/include/rospy_tutorials/AddTwoInts.h)
Linked: (/home/francesca/Scrivania/cogrob/cogrob_ws/devel/.private/rospy_tutorials/include/rospy_tutorials/BadTwoInts.h, /home/francesca/Scrivania/cogrob/cogrob_ws/devel/include/rospy_tutorials/BadTwoInts.h)
Linked: (/home/francesca/Scrivania/cogrob/cogrob_ws/devel/.private/rospy_tutorials/lib/python3/dist-packages/rospy_tutorials/__init__.py, /home/francesca/Scrivania/cogrob/cogrob_ws/devel/lib/python3/dist-packages/rospy_tutorials/__init__.py)
Linked: (/home/francesca/Scrivania/cogrob/cogrob_ws/devel/.private/rospy_tutorials/lib/python3/dist-packages/rospy_tutorials/msg/_Floats.py, /home/francesca/Scrivania/cogrob/cogrob_ws/devel/lib/python3/dist-packages/rospy_tutorials/msg/_Floats.py)
Linked: (/home/francesca/Scrivania/cogrob/cogrob_ws/devel/.private/rospy_tutorials/lib/python3/dist-packages/rospy_tutorials/msg/_HeaderString.py, /home/francesca/Scrivania/cogrob/cogrob_ws/devel/lib/python3/dist-packages/rospy_tutorials/msg/_HeaderString.py)
Linked: (/home/francesca/Scrivania/cogrob/cogrob_ws/devel/.private/rospy_tutorials/lib/python3/dist-packages/rospy_tutorials/msg/__init__.py, /home/francesca/Scrivania/cogrob/cogrob_ws/devel/lib/python3/dist-packages/rospy_tutorials/msg/__init__.py)
Linked: (/home/francesca/Scrivania/cogrob/cogrob_ws/devel/.private/rospy_tutorials/lib/python3/dist-packages/rospy_tutorials/srv/_BadTwoInts.py, /home/francesca/Scrivania/cogrob/cogrob_ws/devel/lib/python3/dist-packages/rospy_tutorials/srv/_BadTwoInts.py)
Linked: (/home/francesca/Scrivania/cogrob/cogrob_ws/devel/.private/rospy_tutorials/lib/python3/dist-packages/rospy_tutorials/srv/_AddTwoInts.py, /home/francesca/Scrivania/cogrob/cogrob_ws/devel/lib/python3/dist-packages/rospy_tutorials/srv/_AddTwoInts.py)
Linked: (/home/francesca/Scrivania/cogrob/cogrob_ws/devel/.private/rospy_tutorials/lib/python3/dist-packages/rospy_tutorials/srv/__init__.py, /home/francesca/Scrivania/cogrob/cogrob_ws/devel/lib/python3/dist-packages/rospy_tutorials/srv/__init__.py)
Linked: (/home/francesca/Scrivania/cogrob/cogrob_ws/devel/.private/rospy_tutorials/lib/pkgconfig/rospy_tutorials.pc, /home/francesca/Scrivania/cogrob/cogrob_ws/devel/lib/pkgconfig/rospy_tutorials.pc)
