Not searching for unused variables given on the command line.
[36m--[0m The C compiler identification is GNU 9.4.0
[36m--[0m The CXX compiler identification is GNU 9.4.0
[36m--[0m Check for working C compiler: /usr/bin/cc
[36m--[0m Check for working C compiler: /usr/bin/cc -- works
[36m--[0m Detecting C compiler ABI info
[36m--[0m Detecting C compiler ABI info - done
[36m--[0m Detecting C compile features
[36m--[0m Detecting C compile features - done
[36m--[0m Check for working CXX compiler: /usr/bin/c++
[36m--[0m Check for working CXX compiler: /usr/bin/c++ -- works
[36m--[0m Detecting CXX compiler ABI info
[36m--[0m Detecting CXX compiler ABI info - done
[36m--[0m Detecting CXX compile features
[36m--[0m Detecting CXX compile features - done
[36m--[0m Using CATKIN_DEVEL_PREFIX: /home/francesca/Scrivania/cogrob/cogrob_ws/devel/.private/rospy_tutorials
[36m--[0m Using CMAKE_PREFIX_PATH: /home/francesca/Scrivania/cogrob/cogrob_ws/devel;/opt/ros/noetic
[36m--[0m This workspace overlays: /home/francesca/Scrivania/cogrob/cogrob_ws/devel;/opt/ros/noetic
[36m--[0m Found PythonInterp: /usr/bin/python3 (found suitable version "3.8.10", minimum required is "3")
[36m--[0m Using PYTHON_EXECUTABLE: /usr/bin/python3
[36m--[0m Using Debian Python package layout
[36m--[0m Found PY_em: /usr/lib/python3/dist-packages/em.py
[36m--[0m Using empy: /usr/lib/python3/dist-packages/em.py
[36m--[0m Using CATKIN_ENABLE_TESTING: ON
[36m--[0m Call enable_testing()
[36m--[0m Using CATKIN_TEST_RESULTS_DIR: /home/francesca/Scrivania/cogrob/cogrob_ws/build/rospy_tutorials/test_results
[36m--[0m Forcing gtest/gmock from source, though one was otherwise available.
[36m--[0m Found gtest sources under '/usr/src/googletest': gtests will be built
[36m--[0m Found gmock sources under '/usr/src/googletest': gmock will be built
[36m--[0m Found PythonInterp: /usr/bin/python3 (found version "3.8.10")
[36m--[0m Found Threads: TRUE
[36m--[0m Using Python nosetests: /usr/bin/nosetests3
[36m--[0m catkin 0.8.10
[36m--[0m BUILD_SHARED_LIBS is on
[36m--[0m Using these message generators: gencpp;geneus;genlisp;gennodejs;genpy
[36m--[0m rospy_tutorials: 2 messages, 2 services
[36m--[0m Installing devel-space wrapper /home/francesca/Scrivania/cogrob/cogrob_ws/src/rospy_tutorials/001_talker_listener/listener to /home/francesca/Scrivania/cogrob/cogrob_ws/devel/.private/rospy_tutorials/share/rospy_tutorials/001_talker_listener
[36m--[0m Installing devel-space wrapper /home/francesca/Scrivania/cogrob/cogrob_ws/src/rospy_tutorials/001_talker_listener/listener.py to /home/francesca/Scrivania/cogrob/cogrob_ws/devel/.private/rospy_tutorials/share/rospy_tutorials/001_talker_listener
[36m--[0m Installing devel-space wrapper /home/francesca/Scrivania/cogrob/cogrob_ws/src/rospy_tutorials/001_talker_listener/talker to /home/francesca/Scrivania/cogrob/cogrob_ws/devel/.private/rospy_tutorials/share/rospy_tutorials/001_talker_listener
[36m--[0m Installing devel-space wrapper /home/francesca/Scrivania/cogrob/cogrob_ws/src/rospy_tutorials/001_talker_listener/talker.py to /home/francesca/Scrivania/cogrob/cogrob_ws/devel/.private/rospy_tutorials/share/rospy_tutorials/001_talker_listener
[36m--[0m Installing devel-space wrapper /home/francesca/Scrivania/cogrob/cogrob_ws/src/rospy_tutorials/002_headers/listener_header.py to /home/francesca/Scrivania/cogrob/cogrob_ws/devel/.private/rospy_tutorials/share/rospy_tutorials/002_headers
[36m--[0m Installing devel-space wrapper /home/francesca/Scrivania/cogrob/cogrob_ws/src/rospy_tutorials/002_headers/talker_header.py to /home/francesca/Scrivania/cogrob/cogrob_ws/devel/.private/rospy_tutorials/share/rospy_tutorials/002_headers
[36m--[0m Installing devel-space wrapper /home/francesca/Scrivania/cogrob/cogrob_ws/src/rospy_tutorials/003_listener_with_user_data/listener_with_user_data.py to /home/francesca/Scrivania/cogrob/cogrob_ws/devel/.private/rospy_tutorials/share/rospy_tutorials/003_listener_with_user_data
[36m--[0m Installing devel-space wrapper /home/francesca/Scrivania/cogrob/cogrob_ws/src/rospy_tutorials/004_listener_subscribe_notify/listener_subscribe_notify.py to /home/francesca/Scrivania/cogrob/cogrob_ws/devel/.private/rospy_tutorials/share/rospy_tutorials/004_listener_subscribe_notify
[36m--[0m Installing devel-space wrapper /home/francesca/Scrivania/cogrob/cogrob_ws/src/rospy_tutorials/005_add_two_ints/add_two_ints_client to /home/francesca/Scrivania/cogrob/cogrob_ws/devel/.private/rospy_tutorials/share/rospy_tutorials/005_add_two_ints
[36m--[0m Installing devel-space wrapper /home/francesca/Scrivania/cogrob/cogrob_ws/src/rospy_tutorials/005_add_two_ints/add_two_ints_server to /home/francesca/Scrivania/cogrob/cogrob_ws/devel/.private/rospy_tutorials/share/rospy_tutorials/005_add_two_ints
[36m--[0m Installing devel-space wrapper /home/francesca/Scrivania/cogrob/cogrob_ws/src/rospy_tutorials/006_parameters/param_talker.py to /home/francesca/Scrivania/cogrob/cogrob_ws/devel/.private/rospy_tutorials/share/rospy_tutorials/006_parameters
[36m--[0m Installing devel-space wrapper /home/francesca/Scrivania/cogrob/cogrob_ws/src/rospy_tutorials/007_connection_header/client_connection_header.py to /home/francesca/Scrivania/cogrob/cogrob_ws/devel/.private/rospy_tutorials/share/rospy_tutorials/007_connection_header
[36m--[0m Installing devel-space wrapper /home/francesca/Scrivania/cogrob/cogrob_ws/src/rospy_tutorials/007_connection_header/listener_connection_header.py to /home/francesca/Scrivania/cogrob/cogrob_ws/devel/.private/rospy_tutorials/share/rospy_tutorials/007_connection_header
[36m--[0m Installing devel-space wrapper /home/francesca/Scrivania/cogrob/cogrob_ws/src/rospy_tutorials/007_connection_header/server_connection_header.py to /home/francesca/Scrivania/cogrob/cogrob_ws/devel/.private/rospy_tutorials/share/rospy_tutorials/007_connection_header
[36m--[0m Installing devel-space wrapper /home/francesca/Scrivania/cogrob/cogrob_ws/src/rospy_tutorials/007_connection_header/talker_connection_header.py to /home/francesca/Scrivania/cogrob/cogrob_ws/devel/.private/rospy_tutorials/share/rospy_tutorials/007_connection_header
[36m--[0m Installing devel-space wrapper /home/francesca/Scrivania/cogrob/cogrob_ws/src/rospy_tutorials/008_on_shutdown/publish_on_shutdown.py to /home/francesca/Scrivania/cogrob/cogrob_ws/devel/.private/rospy_tutorials/share/rospy_tutorials/008_on_shutdown
[36m--[0m Installing devel-space wrapper /home/francesca/Scrivania/cogrob/cogrob_ws/src/rospy_tutorials/009_advanced_publish/advanced_publish.py to /home/francesca/Scrivania/cogrob/cogrob_ws/devel/.private/rospy_tutorials/share/rospy_tutorials/009_advanced_publish
[36m--[0m Installing devel-space wrapper /home/francesca/Scrivania/cogrob/cogrob_ws/src/rospy_tutorials/010_publish_pointcloud2/publish_pointcloud2.py to /home/francesca/Scrivania/cogrob/cogrob_ws/devel/.private/rospy_tutorials/share/rospy_tutorials/010_publish_pointcloud2
[36m--[0m Configuring done
[36m--[0m Generating done
[36m--[0m Build files have been written to: /home/francesca/Scrivania/cogrob/cogrob_ws/build/rospy_tutorials
