Symlinking /home/francesca/Scrivania/cogrob/cogrob_ws/devel/share/roseus/ros/rospy_tutorials/manifest.l
Symlinking /home/francesca/Scrivania/cogrob/cogrob_ws/devel/share/roseus/ros/rospy_tutorials/msg/Floats.l
Symlinking /home/francesca/Scrivania/cogrob/cogrob_ws/devel/share/roseus/ros/rospy_tutorials/msg/HeaderString.l
Symlinking /home/francesca/Scrivania/cogrob/cogrob_ws/devel/share/roseus/ros/rospy_tutorials/srv/BadTwoInts.l
Symlinking /home/francesca/Scrivania/cogrob/cogrob_ws/devel/share/roseus/ros/rospy_tutorials/srv/AddTwoInts.l
Symlinking /home/francesca/Scrivania/cogrob/cogrob_ws/devel/share/gennodejs/ros/rospy_tutorials/_index.js
Symlinking /home/francesca/Scrivania/cogrob/cogrob_ws/devel/share/gennodejs/ros/rospy_tutorials/msg/_index.js
Symlinking /home/francesca/Scrivania/cogrob/cogrob_ws/devel/share/gennodejs/ros/rospy_tutorials/msg/HeaderString.js
Symlinking /home/francesca/Scrivania/cogrob/cogrob_ws/devel/share/gennodejs/ros/rospy_tutorials/msg/Floats.js
Symlinking /home/francesca/Scrivania/cogrob/cogrob_ws/devel/share/gennodejs/ros/rospy_tutorials/srv/BadTwoInts.js
Symlinking /home/francesca/Scrivania/cogrob/cogrob_ws/devel/share/gennodejs/ros/rospy_tutorials/srv/_index.js
Symlinking /home/francesca/Scrivania/cogrob/cogrob_ws/devel/share/gennodejs/ros/rospy_tutorials/srv/AddTwoInts.js
Symlinking /home/francesca/Scrivania/cogrob/cogrob_ws/devel/share/rospy_tutorials/001_talker_listener/talker.py
Symlinking /home/francesca/Scrivania/cogrob/cogrob_ws/devel/share/rospy_tutorials/001_talker_listener/listener.py
Symlinking /home/francesca/Scrivania/cogrob/cogrob_ws/devel/share/rospy_tutorials/001_talker_listener/listener
Symlinking /home/francesca/Scrivania/cogrob/cogrob_ws/devel/share/rospy_tutorials/001_talker_listener/cmake.lock
Symlinking /home/francesca/Scrivania/cogrob/cogrob_ws/devel/share/rospy_tutorials/001_talker_listener/talker
Symlinking /home/francesca/Scrivania/cogrob/cogrob_ws/devel/share/rospy_tutorials/003_listener_with_user_data/listener_with_user_data.py
Symlinking /home/francesca/Scrivania/cogrob/cogrob_ws/devel/share/rospy_tutorials/003_listener_with_user_data/cmake.lock
Symlinking /home/francesca/Scrivania/cogrob/cogrob_ws/devel/share/rospy_tutorials/010_publish_pointcloud2/publish_pointcloud2.py
Symlinking /home/francesca/Scrivania/cogrob/cogrob_ws/devel/share/rospy_tutorials/010_publish_pointcloud2/cmake.lock
Symlinking /home/francesca/Scrivania/cogrob/cogrob_ws/devel/share/rospy_tutorials/009_advanced_publish/advanced_publish.py
Symlinking /home/francesca/Scrivania/cogrob/cogrob_ws/devel/share/rospy_tutorials/009_advanced_publish/cmake.lock
Symlinking /home/francesca/Scrivania/cogrob/cogrob_ws/devel/share/rospy_tutorials/008_on_shutdown/publish_on_shutdown.py
Symlinking /home/francesca/Scrivania/cogrob/cogrob_ws/devel/share/rospy_tutorials/008_on_shutdown/cmake.lock
Symlinking /home/francesca/Scrivania/cogrob/cogrob_ws/devel/share/rospy_tutorials/002_headers/talker_header.py
Symlinking /home/francesca/Scrivania/cogrob/cogrob_ws/devel/share/rospy_tutorials/002_headers/listener_header.py
Symlinking /home/francesca/Scrivania/cogrob/cogrob_ws/devel/share/rospy_tutorials/002_headers/cmake.lock
Symlinking /home/francesca/Scrivania/cogrob/cogrob_ws/devel/share/rospy_tutorials/004_listener_subscribe_notify/listener_subscribe_notify.py
Symlinking /home/francesca/Scrivania/cogrob/cogrob_ws/devel/share/rospy_tutorials/004_listener_subscribe_notify/cmake.lock
Symlinking /home/francesca/Scrivania/cogrob/cogrob_ws/devel/share/rospy_tutorials/005_add_two_ints/add_two_ints_client
Symlinking /home/francesca/Scrivania/cogrob/cogrob_ws/devel/share/rospy_tutorials/005_add_two_ints/add_two_ints_server
Symlinking /home/francesca/Scrivania/cogrob/cogrob_ws/devel/share/rospy_tutorials/005_add_two_ints/cmake.lock
Symlinking /home/francesca/Scrivania/cogrob/cogrob_ws/devel/share/rospy_tutorials/cmake/rospy_tutorialsConfig.cmake
Symlinking /home/francesca/Scrivania/cogrob/cogrob_ws/devel/share/rospy_tutorials/cmake/rospy_tutorials-msg-extras.cmake
Symlinking /home/francesca/Scrivania/cogrob/cogrob_ws/devel/share/rospy_tutorials/cmake/rospy_tutorialsConfig-version.cmake
Symlinking /home/francesca/Scrivania/cogrob/cogrob_ws/devel/share/rospy_tutorials/cmake/rospy_tutorials-msg-paths.cmake
Symlinking /home/francesca/Scrivania/cogrob/cogrob_ws/devel/share/rospy_tutorials/007_connection_header/talker_connection_header.py
Symlinking /home/francesca/Scrivania/cogrob/cogrob_ws/devel/share/rospy_tutorials/007_connection_header/server_connection_header.py
Symlinking /home/francesca/Scrivania/cogrob/cogrob_ws/devel/share/rospy_tutorials/007_connection_header/listener_connection_header.py
Symlinking /home/francesca/Scrivania/cogrob/cogrob_ws/devel/share/rospy_tutorials/007_connection_header/client_connection_header.py
Symlinking /home/francesca/Scrivania/cogrob/cogrob_ws/devel/share/rospy_tutorials/007_connection_header/cmake.lock
Symlinking /home/francesca/Scrivania/cogrob/cogrob_ws/devel/share/rospy_tutorials/006_parameters/param_talker.py
Symlinking /home/francesca/Scrivania/cogrob/cogrob_ws/devel/share/rospy_tutorials/006_parameters/cmake.lock
Symlinking /home/francesca/Scrivania/cogrob/cogrob_ws/devel/share/common-lisp/ros/rospy_tutorials/msg/HeaderString.lisp
Symlinking /home/francesca/Scrivania/cogrob/cogrob_ws/devel/share/common-lisp/ros/rospy_tutorials/msg/Floats.lisp
Symlinking /home/francesca/Scrivania/cogrob/cogrob_ws/devel/share/common-lisp/ros/rospy_tutorials/msg/rospy_tutorials-msg.asd
Symlinking /home/francesca/Scrivania/cogrob/cogrob_ws/devel/share/common-lisp/ros/rospy_tutorials/msg/_package_Floats.lisp
Symlinking /home/francesca/Scrivania/cogrob/cogrob_ws/devel/share/common-lisp/ros/rospy_tutorials/msg/_package_HeaderString.lisp
Symlinking /home/francesca/Scrivania/cogrob/cogrob_ws/devel/share/common-lisp/ros/rospy_tutorials/msg/_package.lisp
Symlinking /home/francesca/Scrivania/cogrob/cogrob_ws/devel/share/common-lisp/ros/rospy_tutorials/srv/_package_AddTwoInts.lisp
Symlinking /home/francesca/Scrivania/cogrob/cogrob_ws/devel/share/common-lisp/ros/rospy_tutorials/srv/rospy_tutorials-srv.asd
Symlinking /home/francesca/Scrivania/cogrob/cogrob_ws/devel/share/common-lisp/ros/rospy_tutorials/srv/_package_BadTwoInts.lisp
Symlinking /home/francesca/Scrivania/cogrob/cogrob_ws/devel/share/common-lisp/ros/rospy_tutorials/srv/BadTwoInts.lisp
Symlinking /home/francesca/Scrivania/cogrob/cogrob_ws/devel/share/common-lisp/ros/rospy_tutorials/srv/AddTwoInts.lisp
Symlinking /home/francesca/Scrivania/cogrob/cogrob_ws/devel/share/common-lisp/ros/rospy_tutorials/srv/_package.lisp
Symlinking /home/francesca/Scrivania/cogrob/cogrob_ws/devel/include/rospy_tutorials/Floats.h
Symlinking /home/francesca/Scrivania/cogrob/cogrob_ws/devel/include/rospy_tutorials/BadTwoIntsRequest.h
Symlinking /home/francesca/Scrivania/cogrob/cogrob_ws/devel/include/rospy_tutorials/BadTwoIntsResponse.h
Symlinking /home/francesca/Scrivania/cogrob/cogrob_ws/devel/include/rospy_tutorials/AddTwoIntsRequest.h
Symlinking /home/francesca/Scrivania/cogrob/cogrob_ws/devel/include/rospy_tutorials/HeaderString.h
Symlinking /home/francesca/Scrivania/cogrob/cogrob_ws/devel/include/rospy_tutorials/AddTwoIntsResponse.h
Symlinking /home/francesca/Scrivania/cogrob/cogrob_ws/devel/include/rospy_tutorials/AddTwoInts.h
Symlinking /home/francesca/Scrivania/cogrob/cogrob_ws/devel/include/rospy_tutorials/BadTwoInts.h
Symlinking /home/francesca/Scrivania/cogrob/cogrob_ws/devel/lib/python3/dist-packages/rospy_tutorials/__init__.py
Symlinking /home/francesca/Scrivania/cogrob/cogrob_ws/devel/lib/python3/dist-packages/rospy_tutorials/msg/_Floats.py
Symlinking /home/francesca/Scrivania/cogrob/cogrob_ws/devel/lib/python3/dist-packages/rospy_tutorials/msg/_HeaderString.py
Symlinking /home/francesca/Scrivania/cogrob/cogrob_ws/devel/lib/python3/dist-packages/rospy_tutorials/msg/__init__.py
Symlinking /home/francesca/Scrivania/cogrob/cogrob_ws/devel/lib/python3/dist-packages/rospy_tutorials/srv/_BadTwoInts.py
Symlinking /home/francesca/Scrivania/cogrob/cogrob_ws/devel/lib/python3/dist-packages/rospy_tutorials/srv/_AddTwoInts.py
Symlinking /home/francesca/Scrivania/cogrob/cogrob_ws/devel/lib/python3/dist-packages/rospy_tutorials/srv/__init__.py
Symlinking /home/francesca/Scrivania/cogrob/cogrob_ws/devel/lib/pkgconfig/rospy_tutorials.pc
