[35m[1mScanning dependencies of target _rospy_tutorials_generate_messages_check_deps_Floats[0m
[35m[1mScanning dependencies of target _rospy_tutorials_generate_messages_check_deps_HeaderString[0m
[35m[1mScanning dependencies of target std_msgs_generate_messages_lisp[0m
[35m[1mScanning dependencies of target _rospy_tutorials_generate_messages_check_deps_BadTwoInts[0m
[35m[1mScanning dependencies of target std_msgs_generate_messages_py[0m
[35m[1mScanning dependencies of target _rospy_tutorials_generate_messages_check_deps_AddTwoInts[0m
[35m[1mScanning dependencies of target std_msgs_generate_messages_eus[0m
[35m[1mScanning dependencies of target std_msgs_generate_messages_nodejs[0m
[35m[1mScanning dependencies of target std_msgs_generate_messages_cpp[0m
[  0%] Built target std_msgs_generate_messages_lisp
[  0%] Built target std_msgs_generate_messages_py
[  0%] Built target std_msgs_generate_messages_eus
[  0%] Built target std_msgs_generate_messages_nodejs
[  0%] Built target std_msgs_generate_messages_cpp
[  0%] Built target _rospy_tutorials_generate_messages_check_deps_BadTwoInts
[  0%] Built target _rospy_tutorials_generate_messages_check_deps_AddTwoInts
[  0%] Built target _rospy_tutorials_generate_messages_check_deps_HeaderString
[  0%] Built target _rospy_tutorials_generate_messages_check_deps_Floats
[35m[1mScanning dependencies of target rospy_tutorials_generate_messages_py[0m
[35m[1mScanning dependencies of target rospy_tutorials_generate_messages_nodejs[0m
[35m[1mScanning dependencies of target rospy_tutorials_generate_messages_eus[0m
[35m[1mScanning dependencies of target rospy_tutorials_generate_messages_lisp[0m
[35m[1mScanning dependencies of target rospy_tutorials_generate_messages_cpp[0m
[  8%] [34m[1mGenerating Python from MSG rospy_tutorials/HeaderString[0m
[  8%] [34m[1mGenerating Python from MSG rospy_tutorials/Floats[0m
[ 21%] [34m[1mGenerating Python code from SRV rospy_tutorials/AddTwoInts[0m
[ 21%] [34m[1mGenerating Javascript code from rospy_tutorials/Floats.msg[0m
[ 21%] [34m[1mGenerating Javascript code from rospy_tutorials/AddTwoInts.srv[0m
[ 26%] [34m[1mGenerating Javascript code from rospy_tutorials/BadTwoInts.srv[0m
[ 30%] [34m[1mGenerating Python code from SRV rospy_tutorials/BadTwoInts[0m
[ 34%] [34m[1mGenerating Javascript code from rospy_tutorials/HeaderString.msg[0m
[ 39%] [34m[1mGenerating EusLisp code from rospy_tutorials/Floats.msg[0m
[ 43%] [34m[1mGenerating EusLisp code from rospy_tutorials/HeaderString.msg[0m
[ 47%] [34m[1mGenerating Lisp code from rospy_tutorials/Floats.msg[0m
[ 52%] [34m[1mGenerating C++ code from rospy_tutorials/Floats.msg[0m
[ 56%] [34m[1mGenerating C++ code from rospy_tutorials/HeaderString.msg[0m
[ 60%] [34m[1mGenerating EusLisp code from rospy_tutorials/AddTwoInts.srv[0m
[ 60%] Built target rospy_tutorials_generate_messages_nodejs
[ 65%] [34m[1mGenerating EusLisp code from rospy_tutorials/BadTwoInts.srv[0m
[ 69%] [34m[1mGenerating Lisp code from rospy_tutorials/HeaderString.msg[0m
[ 73%] [34m[1mGenerating C++ code from rospy_tutorials/AddTwoInts.srv[0m
[ 78%] [34m[1mGenerating C++ code from rospy_tutorials/BadTwoInts.srv[0m
[ 82%] [34m[1mGenerating EusLisp manifest code for rospy_tutorials[0m
[ 86%] [34m[1mGenerating Lisp code from rospy_tutorials/AddTwoInts.srv[0m
[ 91%] [34m[1mGenerating Lisp code from rospy_tutorials/BadTwoInts.srv[0m
[ 95%] [34m[1mGenerating Python srv __init__.py for rospy_tutorials[0m
[100%] [34m[1mGenerating Python msg __init__.py for rospy_tutorials[0m
[100%] Built target rospy_tutorials_generate_messages_lisp
[100%] Built target rospy_tutorials_generate_messages_cpp
[100%] Built target rospy_tutorials_generate_messages_py
[100%] Built target rospy_tutorials_generate_messages_eus
[35m[1mScanning dependencies of target rospy_tutorials_generate_messages[0m
[100%] Built target rospy_tutorials_generate_messages
